<?xml version="1.0" encoding="UTF-8"?>
<testng-results ignored="0" total="2" passed="2" failed="0" skipped="0">
  <reporter-output>
  </reporter-output>
  <suite started-at="2023-03-31T15:34:58 IST" name="Default suite" finished-at="2023-03-31T15:36:07 IST" duration-ms="68334">
    <groups>
    </groups>
    <test started-at="2023-03-31T15:34:58 IST" name="Default test" finished-at="2023-03-31T15:36:07 IST" duration-ms="68334">
      <class name="Testcases_US.US_Clinical_Emp">
        <test-method is-config="true" signature="openBrowser()[pri:0, instance:Testcases_US.US_Clinical_Emp@50eac852]" started-at="2023-03-31T15:34:58 IST" name="openBrowser" finished-at="2023-03-31T15:35:12 IST" duration-ms="13587" status="PASS">
          <reporter-output>
          </reporter-output>
        </test-method> <!-- openBrowser -->
        <test-method signature="Clinical_NewEmp(java.lang.String)[pri:0, instance:Testcases_US.US_Clinical_Emp@50eac852]" started-at="2023-03-31T15:35:12 IST" name="Clinical_NewEmp" data-provider="TestData" finished-at="2023-03-31T15:35:39 IST" duration-ms="27508" status="PASS">
          <params>
            <param index="0">
              <value>
                <![CDATA[Test1]]>
              </value>
            </param>
          </params>
          <reporter-output>
          </reporter-output>
        </test-method> <!-- Clinical_NewEmp -->
        <test-method signature="Clinical_NewEmp(java.lang.String)[pri:0, instance:Testcases_US.US_Clinical_Emp@50eac852]" started-at="2023-03-31T15:35:40 IST" name="Clinical_NewEmp" data-provider="TestData" finished-at="2023-03-31T15:36:06 IST" duration-ms="26262" status="PASS">
          <params>
            <param index="0">
              <value>
                <![CDATA[Test2]]>
              </value>
            </param>
          </params>
          <reporter-output>
          </reporter-output>
        </test-method> <!-- Clinical_NewEmp -->
        <test-method is-config="true" signature="CloseBrowser()[pri:0, instance:Testcases_US.US_Clinical_Emp@50eac852]" started-at="2023-03-31T15:36:06 IST" name="CloseBrowser" finished-at="2023-03-31T15:36:07 IST" duration-ms="384" status="PASS">
          <reporter-output>
          </reporter-output>
        </test-method> <!-- CloseBrowser -->
      </class> <!-- Testcases_US.US_Clinical_Emp -->
    </test> <!-- Default test -->
  </suite> <!-- Default suite -->
</testng-results>
